{"C:\\Users\\Reka\\Documents\\Codecool\\practices\\w14-practice-testing\\index.js": {"path":"C:\\Users\\Reka\\Documents\\Codecool\\practices\\w14-practice-testing\\index.js","statementMap":{"0":{"start":{"line":1,"column":17},"end":{"line":252,"column":1}},"1":{"start":{"line":255,"column":17},"end":{"line":255,"column":19}},"2":{"start":{"line":257,"column":4},"end":{"line":261,"column":5}},"3":{"start":{"line":258,"column":8},"end":{"line":260,"column":9}},"4":{"start":{"line":259,"column":12},"end":{"line":259,"column":29}},"5":{"start":{"line":263,"column":4},"end":{"line":263,"column":18}},"6":{"start":{"line":266,"column":0},"end":{"line":266,"column":23}}},"fnMap":{"0":{"name":"search","decl":{"start":{"line":254,"column":9},"end":{"line":254,"column":15}},"loc":{"start":{"line":254,"column":36},"end":{"line":264,"column":1}},"line":254}},"branchMap":{"0":{"loc":{"start":{"line":258,"column":8},"end":{"line":260,"column":9}},"type":"if","locations":[{"start":{"line":258,"column":8},"end":{"line":260,"column":9}},{"start":{},"end":{}}],"line":258}},"s":{"0":1,"1":2,"2":2,"3":250,"4":1,"5":2,"6":1},"f":{"0":2},"b":{"0":[1,249]},"_coverageSchema":"1a1c01bbd47fc00a2c39e90264f33305004495a9","hash":"af486426c703ba334fc680782f1b1086e2a9c63f"}
}
